2025-09-07 23:18:03,064 - ERROR - 在 ../data/1_cn0_raw 中未找到CSV文件
2025-09-07 23:22:03,932 - ERROR - 在 ../data/1_cn0_raw 中未找到CSV文件
2025-09-07 23:22:19,572 - INFO - 找到 2 个CSV文件待处理
2025-09-07 23:22:19,572 - INFO - ============================================================
2025-09-07 23:22:19,572 - INFO - 处理文件: abpo0120.csv
2025-09-07 23:22:19,640 - WARNING - 未找到日期 2025-01-12 对应的SP3文件
2025-09-07 23:22:19,641 - INFO - ============================================================
2025-09-07 23:22:19,641 - INFO - 处理文件: abpo0130.csv
2025-09-07 23:22:19,705 - WARNING - 未找到日期 2025-01-13 对应的SP3文件
2025-09-07 23:22:19,705 - INFO - ============================================================
2025-09-07 23:22:19,708 - INFO - 所有文件处理完成！
2025-09-07 23:22:54,664 - INFO - 找到 2 个CSV文件待处理
2025-09-07 23:22:54,664 - INFO - ============================================================
2025-09-07 23:22:54,664 - INFO - 处理文件: abpo0120.csv
2025-09-07 23:23:03,237 - INFO - 找到 2 个CSV文件待处理
2025-09-07 23:23:03,237 - INFO - ============================================================
2025-09-07 23:23:03,237 - INFO - 处理文件: abpo0120.csv
2025-09-07 23:23:12,572 - WARNING - 未找到日期 2025-01-12 对应的SP3文件
2025-09-07 23:23:12,572 - INFO - ============================================================
2025-09-07 23:23:12,572 - INFO - 处理文件: abpo0130.csv
2025-09-07 23:23:22,706 - INFO - 找到 2 个CSV文件待处理
2025-09-07 23:23:22,707 - INFO - ============================================================
2025-09-07 23:23:22,707 - INFO - 处理文件: abpo0120.csv
2025-09-07 23:24:42,748 - INFO - 找到 2 个CSV文件待处理
2025-09-07 23:24:42,748 - INFO - ============================================================
2025-09-07 23:24:42,748 - INFO - 处理文件: abpo0120.csv
2025-09-07 23:24:42,804 - INFO - 使用SP3文件: IGS0OPSFIN_20250110000_01D_15M_ORB.SP3, IGS0OPSFIN_20250120000_01D_15M_ORB.SP3, IGS0OPSFIN_20250130000_01D_15M_ORB.SP3
2025-09-07 23:24:42,887 - INFO - 成功解析 32 颗卫星的星历数据
2025-09-07 23:24:42,917 - INFO - 共 61 个测站-卫星组合待处理
2025-09-07 23:24:42,917 - INFO - 使用 11 个进程并行处理
2025-09-07 23:24:56,994 - INFO - 跳过: abpo_C02 (无有效数据)
2025-09-07 23:24:56,994 - INFO - 跳过: abpo_C03 (无有效数据)
2025-09-07 23:24:56,994 - INFO - 跳过: abpo_C05 (无有效数据)
2025-09-07 23:24:56,994 - INFO - 跳过: abpo_C06 (无有效数据)
2025-09-07 23:24:56,994 - INFO - 跳过: abpo_C07 (无有效数据)
2025-09-07 23:24:56,994 - INFO - 跳过: abpo_C08 (无有效数据)
2025-09-07 23:24:56,994 - INFO - 跳过: abpo_C09 (无有效数据)
2025-09-07 23:24:56,994 - INFO - 跳过: abpo_C10 (无有效数据)
2025-09-07 23:24:56,994 - INFO - 跳过: abpo_C11 (无有效数据)
2025-09-07 23:24:56,994 - INFO - 跳过: abpo_C12 (无有效数据)
2025-09-07 23:24:56,994 - INFO - 跳过: abpo_C13 (无有效数据)
2025-09-07 23:24:56,994 - INFO - 跳过: abpo_C14 (无有效数据)
2025-09-07 23:24:56,994 - INFO - 跳过: abpo_C16 (无有效数据)
2025-09-07 23:24:56,994 - INFO - 跳过: abpo_C19 (无有效数据)
2025-09-07 23:24:56,994 - INFO - 跳过: abpo_C20 (无有效数据)
2025-09-07 23:24:56,995 - INFO - 跳过: abpo_C21 (无有效数据)
2025-09-07 23:24:56,995 - INFO - 跳过: abpo_C22 (无有效数据)
2025-09-07 23:24:56,995 - INFO - 跳过: abpo_C23 (无有效数据)
2025-09-07 23:24:56,995 - INFO - 跳过: abpo_C24 (无有效数据)
2025-09-07 23:24:56,995 - INFO - 跳过: abpo_C25 (无有效数据)
2025-09-07 23:24:56,995 - INFO - 跳过: abpo_C26 (无有效数据)
2025-09-07 23:24:56,995 - INFO - 跳过: abpo_C27 (无有效数据)
2025-09-07 23:24:56,995 - INFO - 跳过: abpo_C28 (无有效数据)
2025-09-07 23:24:56,995 - INFO - 跳过: abpo_C29 (无有效数据)
2025-09-07 23:24:56,995 - INFO - 跳过: abpo_C30 (无有效数据)
2025-09-07 23:24:56,995 - INFO - 跳过: abpo_C32 (无有效数据)
2025-09-07 23:24:56,995 - INFO - 跳过: abpo_C33 (无有效数据)
2025-09-07 23:24:56,995 - INFO - 跳过: abpo_C34 (无有效数据)
2025-09-07 23:24:56,995 - INFO - 跳过: abpo_C35 (无有效数据)
2025-09-07 23:24:56,995 - INFO - 已保存: ./2_raw_datasets\2025\abpo_G01_20250112.csv (780 条记录)
2025-09-07 23:24:56,995 - INFO - 已保存: ./2_raw_datasets\2025\abpo_G02_20250112.csv (823 条记录)
2025-09-07 23:24:56,995 - INFO - 已保存: ./2_raw_datasets\2025\abpo_G03_20250112.csv (659 条记录)
2025-09-07 23:24:56,995 - INFO - 已保存: ./2_raw_datasets\2025\abpo_G04_20250112.csv (1011 条记录)
2025-09-07 23:24:56,995 - INFO - 已保存: ./2_raw_datasets\2025\abpo_G05_20250112.csv (962 条记录)
2025-09-07 23:24:56,995 - INFO - 已保存: ./2_raw_datasets\2025\abpo_G06_20250112.csv (951 条记录)
2025-09-07 23:24:56,995 - INFO - 已保存: ./2_raw_datasets\2025\abpo_G07_20250112.csv (969 条记录)
2025-09-07 23:24:56,995 - INFO - 已保存: ./2_raw_datasets\2025\abpo_G08_20250112.csv (985 条记录)
2025-09-07 23:24:56,995 - INFO - 已保存: ./2_raw_datasets\2025\abpo_G09_20250112.csv (885 条记录)
2025-09-07 23:24:56,995 - INFO - 已保存: ./2_raw_datasets\2025\abpo_G10_20250112.csv (820 条记录)
2025-09-07 23:24:56,995 - INFO - 已保存: ./2_raw_datasets\2025\abpo_G11_20250112.csv (799 条记录)
2025-09-07 23:24:56,995 - INFO - 已保存: ./2_raw_datasets\2025\abpo_G12_20250112.csv (644 条记录)
2025-09-07 23:24:56,995 - INFO - 已保存: ./2_raw_datasets\2025\abpo_G13_20250112.csv (841 条记录)
2025-09-07 23:24:56,995 - INFO - 已保存: ./2_raw_datasets\2025\abpo_G14_20250112.csv (662 条记录)
2025-09-07 23:24:56,995 - INFO - 已保存: ./2_raw_datasets\2025\abpo_G15_20250112.csv (1003 条记录)
2025-09-07 23:24:56,995 - INFO - 已保存: ./2_raw_datasets\2025\abpo_G16_20250112.csv (1008 条记录)
2025-09-07 23:24:56,995 - INFO - 已保存: ./2_raw_datasets\2025\abpo_G17_20250112.csv (757 条记录)
2025-09-07 23:24:56,995 - INFO - 已保存: ./2_raw_datasets\2025\abpo_G18_20250112.csv (940 条记录)
2025-09-07 23:24:56,995 - INFO - 已保存: ./2_raw_datasets\2025\abpo_G19_20250112.csv (739 条记录)
2025-09-07 23:24:56,995 - INFO - 已保存: ./2_raw_datasets\2025\abpo_G20_20250112.csv (982 条记录)
2025-09-07 23:24:56,995 - INFO - 已保存: ./2_raw_datasets\2025\abpo_G21_20250112.csv (773 条记录)
2025-09-07 23:24:56,996 - INFO - 已保存: ./2_raw_datasets\2025\abpo_G22_20250112.csv (846 条记录)
2025-09-07 23:24:56,996 - INFO - 已保存: ./2_raw_datasets\2025\abpo_G23_20250112.csv (683 条记录)
2025-09-07 23:24:56,996 - INFO - 已保存: ./2_raw_datasets\2025\abpo_G24_20250112.csv (844 条记录)
2025-09-07 23:24:56,996 - INFO - 已保存: ./2_raw_datasets\2025\abpo_G25_20250112.csv (733 条记录)
2025-09-07 23:24:56,996 - INFO - 已保存: ./2_raw_datasets\2025\abpo_G26_20250112.csv (996 条记录)
2025-09-07 23:24:56,996 - INFO - 已保存: ./2_raw_datasets\2025\abpo_G27_20250112.csv (889 条记录)
2025-09-07 23:24:56,996 - INFO - 已保存: ./2_raw_datasets\2025\abpo_G28_20250112.csv (944 条记录)
2025-09-07 23:24:56,996 - INFO - 已保存: ./2_raw_datasets\2025\abpo_G29_20250112.csv (936 条记录)
2025-09-07 23:24:56,996 - INFO - 已保存: ./2_raw_datasets\2025\abpo_G30_20250112.csv (1020 条记录)
2025-09-07 23:24:56,996 - INFO - 已保存: ./2_raw_datasets\2025\abpo_G31_20250112.csv (897 条记录)
2025-09-07 23:24:56,996 - INFO - 已保存: ./2_raw_datasets\2025\abpo_G32_20250112.csv (738 条记录)
2025-09-07 23:24:56,996 - INFO - ============================================================
2025-09-07 23:24:56,996 - INFO - 处理文件: abpo0130.csv
2025-09-07 23:24:57,055 - INFO - 使用SP3文件: IGS0OPSFIN_20250120000_01D_15M_ORB.SP3, IGS0OPSFIN_20250130000_01D_15M_ORB.SP3, IGS0OPSFIN_20250140000_01D_15M_ORB.SP3
2025-09-07 23:24:57,137 - INFO - 成功解析 32 颗卫星的星历数据
2025-09-07 23:24:57,160 - INFO - 共 61 个测站-卫星组合待处理
2025-09-07 23:24:57,161 - INFO - 使用 11 个进程并行处理
2025-09-07 23:25:10,916 - INFO - 跳过: abpo_C02 (无有效数据)
2025-09-07 23:25:10,917 - INFO - 跳过: abpo_C03 (无有效数据)
2025-09-07 23:25:10,917 - INFO - 跳过: abpo_C05 (无有效数据)
2025-09-07 23:25:10,917 - INFO - 跳过: abpo_C06 (无有效数据)
2025-09-07 23:25:10,917 - INFO - 跳过: abpo_C07 (无有效数据)
2025-09-07 23:25:10,917 - INFO - 跳过: abpo_C08 (无有效数据)
2025-09-07 23:25:10,917 - INFO - 跳过: abpo_C09 (无有效数据)
2025-09-07 23:25:10,917 - INFO - 跳过: abpo_C10 (无有效数据)
2025-09-07 23:25:10,917 - INFO - 跳过: abpo_C11 (无有效数据)
2025-09-07 23:25:10,917 - INFO - 跳过: abpo_C12 (无有效数据)
2025-09-07 23:25:10,917 - INFO - 跳过: abpo_C13 (无有效数据)
2025-09-07 23:25:10,917 - INFO - 跳过: abpo_C14 (无有效数据)
2025-09-07 23:25:10,917 - INFO - 跳过: abpo_C16 (无有效数据)
2025-09-07 23:25:10,917 - INFO - 跳过: abpo_C19 (无有效数据)
2025-09-07 23:25:10,917 - INFO - 跳过: abpo_C20 (无有效数据)
2025-09-07 23:25:10,917 - INFO - 跳过: abpo_C21 (无有效数据)
2025-09-07 23:25:10,917 - INFO - 跳过: abpo_C22 (无有效数据)
2025-09-07 23:25:10,917 - INFO - 跳过: abpo_C23 (无有效数据)
2025-09-07 23:25:10,917 - INFO - 跳过: abpo_C24 (无有效数据)
2025-09-07 23:25:10,917 - INFO - 跳过: abpo_C25 (无有效数据)
2025-09-07 23:25:10,917 - INFO - 跳过: abpo_C26 (无有效数据)
2025-09-07 23:25:10,917 - INFO - 跳过: abpo_C27 (无有效数据)
2025-09-07 23:25:10,917 - INFO - 跳过: abpo_C28 (无有效数据)
2025-09-07 23:25:10,917 - INFO - 跳过: abpo_C29 (无有效数据)
2025-09-07 23:25:10,917 - INFO - 跳过: abpo_C30 (无有效数据)
2025-09-07 23:25:10,917 - INFO - 跳过: abpo_C32 (无有效数据)
2025-09-07 23:25:10,917 - INFO - 跳过: abpo_C33 (无有效数据)
2025-09-07 23:25:10,917 - INFO - 跳过: abpo_C34 (无有效数据)
2025-09-07 23:25:10,917 - INFO - 跳过: abpo_C35 (无有效数据)
2025-09-07 23:25:10,917 - INFO - 已保存: ./2_raw_datasets\2025\abpo_G01_20250113.csv (780 条记录)
2025-09-07 23:25:10,917 - INFO - 已保存: ./2_raw_datasets\2025\abpo_G02_20250113.csv (823 条记录)
2025-09-07 23:25:10,917 - INFO - 已保存: ./2_raw_datasets\2025\abpo_G03_20250113.csv (659 条记录)
2025-09-07 23:25:10,917 - INFO - 已保存: ./2_raw_datasets\2025\abpo_G04_20250113.csv (1011 条记录)
2025-09-07 23:25:10,917 - INFO - 已保存: ./2_raw_datasets\2025\abpo_G05_20250113.csv (961 条记录)
2025-09-07 23:25:10,917 - INFO - 已保存: ./2_raw_datasets\2025\abpo_G06_20250113.csv (942 条记录)
2025-09-07 23:25:10,917 - INFO - 已保存: ./2_raw_datasets\2025\abpo_G07_20250113.csv (971 条记录)
2025-09-07 23:25:10,917 - INFO - 已保存: ./2_raw_datasets\2025\abpo_G08_20250113.csv (983 条记录)
2025-09-07 23:25:10,917 - INFO - 已保存: ./2_raw_datasets\2025\abpo_G09_20250113.csv (865 条记录)
2025-09-07 23:25:10,917 - INFO - 已保存: ./2_raw_datasets\2025\abpo_G10_20250113.csv (818 条记录)
2025-09-07 23:25:10,917 - INFO - 已保存: ./2_raw_datasets\2025\abpo_G11_20250113.csv (801 条记录)
2025-09-07 23:25:10,917 - INFO - 已保存: ./2_raw_datasets\2025\abpo_G12_20250113.csv (644 条记录)
2025-09-07 23:25:10,918 - INFO - 已保存: ./2_raw_datasets\2025\abpo_G13_20250113.csv (840 条记录)
2025-09-07 23:25:10,918 - INFO - 已保存: ./2_raw_datasets\2025\abpo_G14_20250113.csv (662 条记录)
2025-09-07 23:25:10,918 - INFO - 已保存: ./2_raw_datasets\2025\abpo_G15_20250113.csv (1003 条记录)
2025-09-07 23:25:10,918 - INFO - 已保存: ./2_raw_datasets\2025\abpo_G16_20250113.csv (1008 条记录)
2025-09-07 23:25:10,918 - INFO - 已保存: ./2_raw_datasets\2025\abpo_G17_20250113.csv (758 条记录)
2025-09-07 23:25:10,918 - INFO - 已保存: ./2_raw_datasets\2025\abpo_G18_20250113.csv (959 条记录)
2025-09-07 23:25:10,918 - INFO - 已保存: ./2_raw_datasets\2025\abpo_G19_20250113.csv (739 条记录)
2025-09-07 23:25:10,918 - INFO - 已保存: ./2_raw_datasets\2025\abpo_G20_20250113.csv (982 条记录)
2025-09-07 23:25:10,918 - INFO - 已保存: ./2_raw_datasets\2025\abpo_G21_20250113.csv (760 条记录)
2025-09-07 23:25:10,918 - INFO - 已保存: ./2_raw_datasets\2025\abpo_G22_20250113.csv (841 条记录)
2025-09-07 23:25:10,918 - INFO - 已保存: ./2_raw_datasets\2025\abpo_G23_20250113.csv (680 条记录)
2025-09-07 23:25:10,918 - INFO - 已保存: ./2_raw_datasets\2025\abpo_G24_20250113.csv (844 条记录)
2025-09-07 23:25:10,918 - INFO - 已保存: ./2_raw_datasets\2025\abpo_G25_20250113.csv (728 条记录)
2025-09-07 23:25:10,918 - INFO - 已保存: ./2_raw_datasets\2025\abpo_G26_20250113.csv (996 条记录)
2025-09-07 23:25:10,918 - INFO - 已保存: ./2_raw_datasets\2025\abpo_G27_20250113.csv (889 条记录)
2025-09-07 23:25:10,918 - INFO - 已保存: ./2_raw_datasets\2025\abpo_G28_20250113.csv (954 条记录)
2025-09-07 23:25:10,918 - INFO - 已保存: ./2_raw_datasets\2025\abpo_G29_20250113.csv (940 条记录)
2025-09-07 23:25:10,918 - INFO - 已保存: ./2_raw_datasets\2025\abpo_G30_20250113.csv (1012 条记录)
2025-09-07 23:25:10,918 - INFO - 已保存: ./2_raw_datasets\2025\abpo_G31_20250113.csv (895 条记录)
2025-09-07 23:25:10,918 - INFO - 已保存: ./2_raw_datasets\2025\abpo_G32_20250113.csv (739 条记录)
2025-09-07 23:25:10,918 - INFO - ============================================================
2025-09-07 23:25:10,918 - INFO - 所有文件处理完成！
2025-09-08 08:26:55,087 - ERROR - 在 ../data/1_cn0_raw 中未找到CSV文件
2025-09-08 08:28:02,998 - ERROR - 在 ../data/1_cn0_raw 中未找到CSV文件
2025-09-08 08:37:56,113 - INFO - 找到 4 个CSV文件待处理
2025-09-08 08:37:56,113 - INFO - ============================================================
2025-09-08 08:37:56,113 - INFO - 处理文件: ..\data\1_cn0_raw\2024\cusv2350.csv
2025-09-08 08:37:56,185 - WARNING - 未找到日期 2024-08-22 对应的SP3文件
2025-09-08 08:37:56,185 - INFO - ============================================================
2025-09-08 08:37:56,185 - INFO - 处理文件: ..\data\1_cn0_raw\2024\cusv2360.csv
2025-09-08 08:37:56,249 - WARNING - 未找到日期 2024-08-23 对应的SP3文件
2025-09-08 08:37:56,249 - INFO - ============================================================
2025-09-08 08:37:56,249 - INFO - 处理文件: ..\data\1_cn0_raw\2025\abpo0120.csv
2025-09-08 08:37:56,305 - INFO - 使用SP3文件: IGS0OPSFIN_20250110000_01D_15M_ORB.SP3, IGS0OPSFIN_20250120000_01D_15M_ORB.SP3, IGS0OPSFIN_20250130000_01D_15M_ORB.SP3
2025-09-08 08:37:56,388 - INFO - 成功解析 32 颗卫星的星历数据
2025-09-08 08:37:56,417 - INFO - 共 61 个测站-卫星组合待处理
2025-09-08 08:37:56,417 - INFO - 使用 11 个进程并行处理
2025-09-08 08:38:10,947 - INFO - 跳过: abpo_C02 (无有效数据)
2025-09-08 08:38:10,947 - INFO - 跳过: abpo_C03 (无有效数据)
2025-09-08 08:38:10,947 - INFO - 跳过: abpo_C05 (无有效数据)
2025-09-08 08:38:10,947 - INFO - 跳过: abpo_C06 (无有效数据)
2025-09-08 08:38:10,947 - INFO - 跳过: abpo_C07 (无有效数据)
2025-09-08 08:38:10,947 - INFO - 跳过: abpo_C08 (无有效数据)
2025-09-08 08:38:10,947 - INFO - 跳过: abpo_C09 (无有效数据)
2025-09-08 08:38:10,947 - INFO - 跳过: abpo_C10 (无有效数据)
2025-09-08 08:38:10,947 - INFO - 跳过: abpo_C11 (无有效数据)
2025-09-08 08:38:10,947 - INFO - 跳过: abpo_C12 (无有效数据)
2025-09-08 08:38:10,947 - INFO - 跳过: abpo_C13 (无有效数据)
2025-09-08 08:38:10,947 - INFO - 跳过: abpo_C14 (无有效数据)
2025-09-08 08:38:10,947 - INFO - 跳过: abpo_C16 (无有效数据)
2025-09-08 08:38:10,947 - INFO - 跳过: abpo_C19 (无有效数据)
2025-09-08 08:38:10,947 - INFO - 跳过: abpo_C20 (无有效数据)
2025-09-08 08:38:10,947 - INFO - 跳过: abpo_C21 (无有效数据)
2025-09-08 08:38:10,948 - INFO - 跳过: abpo_C22 (无有效数据)
2025-09-08 08:38:10,948 - INFO - 跳过: abpo_C23 (无有效数据)
2025-09-08 08:38:10,948 - INFO - 跳过: abpo_C24 (无有效数据)
2025-09-08 08:38:10,948 - INFO - 跳过: abpo_C25 (无有效数据)
2025-09-08 08:38:10,948 - INFO - 跳过: abpo_C26 (无有效数据)
2025-09-08 08:38:10,948 - INFO - 跳过: abpo_C27 (无有效数据)
2025-09-08 08:38:10,948 - INFO - 跳过: abpo_C28 (无有效数据)
2025-09-08 08:38:10,948 - INFO - 跳过: abpo_C29 (无有效数据)
2025-09-08 08:38:10,948 - INFO - 跳过: abpo_C30 (无有效数据)
2025-09-08 08:38:10,948 - INFO - 跳过: abpo_C32 (无有效数据)
2025-09-08 08:38:10,948 - INFO - 跳过: abpo_C33 (无有效数据)
2025-09-08 08:38:10,948 - INFO - 跳过: abpo_C34 (无有效数据)
2025-09-08 08:38:10,948 - INFO - 跳过: abpo_C35 (无有效数据)
2025-09-08 08:38:10,948 - INFO - 已保存: ../data/2_raw_datasets\2025\abpo_G01_2025012.csv (780 条记录)
2025-09-08 08:38:10,948 - INFO - 已保存: ../data/2_raw_datasets\2025\abpo_G02_2025012.csv (823 条记录)
2025-09-08 08:38:10,948 - INFO - 已保存: ../data/2_raw_datasets\2025\abpo_G03_2025012.csv (659 条记录)
2025-09-08 08:38:10,948 - INFO - 已保存: ../data/2_raw_datasets\2025\abpo_G04_2025012.csv (1011 条记录)
2025-09-08 08:38:10,948 - INFO - 已保存: ../data/2_raw_datasets\2025\abpo_G05_2025012.csv (962 条记录)
2025-09-08 08:38:10,948 - INFO - 已保存: ../data/2_raw_datasets\2025\abpo_G06_2025012.csv (951 条记录)
2025-09-08 08:38:10,948 - INFO - 已保存: ../data/2_raw_datasets\2025\abpo_G07_2025012.csv (969 条记录)
2025-09-08 08:38:10,948 - INFO - 已保存: ../data/2_raw_datasets\2025\abpo_G08_2025012.csv (985 条记录)
2025-09-08 08:38:10,948 - INFO - 已保存: ../data/2_raw_datasets\2025\abpo_G09_2025012.csv (885 条记录)
2025-09-08 08:38:10,948 - INFO - 已保存: ../data/2_raw_datasets\2025\abpo_G10_2025012.csv (820 条记录)
2025-09-08 08:38:10,948 - INFO - 已保存: ../data/2_raw_datasets\2025\abpo_G11_2025012.csv (799 条记录)
2025-09-08 08:38:10,948 - INFO - 已保存: ../data/2_raw_datasets\2025\abpo_G12_2025012.csv (644 条记录)
2025-09-08 08:38:10,948 - INFO - 已保存: ../data/2_raw_datasets\2025\abpo_G13_2025012.csv (841 条记录)
2025-09-08 08:38:10,948 - INFO - 已保存: ../data/2_raw_datasets\2025\abpo_G14_2025012.csv (662 条记录)
2025-09-08 08:38:10,948 - INFO - 已保存: ../data/2_raw_datasets\2025\abpo_G15_2025012.csv (1003 条记录)
2025-09-08 08:38:10,948 - INFO - 已保存: ../data/2_raw_datasets\2025\abpo_G16_2025012.csv (1008 条记录)
2025-09-08 08:38:10,948 - INFO - 已保存: ../data/2_raw_datasets\2025\abpo_G17_2025012.csv (757 条记录)
2025-09-08 08:38:10,948 - INFO - 已保存: ../data/2_raw_datasets\2025\abpo_G18_2025012.csv (940 条记录)
2025-09-08 08:38:10,948 - INFO - 已保存: ../data/2_raw_datasets\2025\abpo_G19_2025012.csv (739 条记录)
2025-09-08 08:38:10,948 - INFO - 已保存: ../data/2_raw_datasets\2025\abpo_G20_2025012.csv (982 条记录)
2025-09-08 08:38:10,950 - INFO - 已保存: ../data/2_raw_datasets\2025\abpo_G21_2025012.csv (773 条记录)
2025-09-08 08:38:10,950 - INFO - 已保存: ../data/2_raw_datasets\2025\abpo_G22_2025012.csv (846 条记录)
2025-09-08 08:38:10,950 - INFO - 已保存: ../data/2_raw_datasets\2025\abpo_G23_2025012.csv (683 条记录)
2025-09-08 08:38:10,950 - INFO - 已保存: ../data/2_raw_datasets\2025\abpo_G24_2025012.csv (844 条记录)
2025-09-08 08:38:10,950 - INFO - 已保存: ../data/2_raw_datasets\2025\abpo_G25_2025012.csv (733 条记录)
2025-09-08 08:38:10,950 - INFO - 已保存: ../data/2_raw_datasets\2025\abpo_G26_2025012.csv (996 条记录)
2025-09-08 08:38:10,950 - INFO - 已保存: ../data/2_raw_datasets\2025\abpo_G27_2025012.csv (889 条记录)
2025-09-08 08:38:10,950 - INFO - 已保存: ../data/2_raw_datasets\2025\abpo_G28_2025012.csv (944 条记录)
2025-09-08 08:38:10,950 - INFO - 已保存: ../data/2_raw_datasets\2025\abpo_G29_2025012.csv (936 条记录)
2025-09-08 08:38:10,950 - INFO - 已保存: ../data/2_raw_datasets\2025\abpo_G30_2025012.csv (1020 条记录)
2025-09-08 08:38:10,950 - INFO - 已保存: ../data/2_raw_datasets\2025\abpo_G31_2025012.csv (897 条记录)
2025-09-08 08:38:10,950 - INFO - 已保存: ../data/2_raw_datasets\2025\abpo_G32_2025012.csv (738 条记录)
2025-09-08 08:38:10,950 - INFO - ============================================================
2025-09-08 08:38:10,950 - INFO - 处理文件: ..\data\1_cn0_raw\2025\abpo0130.csv
2025-09-08 08:38:11,004 - INFO - 使用SP3文件: IGS0OPSFIN_20250120000_01D_15M_ORB.SP3, IGS0OPSFIN_20250130000_01D_15M_ORB.SP3, IGS0OPSFIN_20250140000_01D_15M_ORB.SP3
2025-09-08 08:38:11,086 - INFO - 成功解析 32 颗卫星的星历数据
2025-09-08 08:38:11,110 - INFO - 共 61 个测站-卫星组合待处理
2025-09-08 08:38:11,111 - INFO - 使用 11 个进程并行处理
2025-09-08 08:38:26,158 - INFO - 跳过: abpo_C02 (无有效数据)
2025-09-08 08:38:26,158 - INFO - 跳过: abpo_C03 (无有效数据)
2025-09-08 08:38:26,158 - INFO - 跳过: abpo_C05 (无有效数据)
2025-09-08 08:38:26,158 - INFO - 跳过: abpo_C06 (无有效数据)
2025-09-08 08:38:26,158 - INFO - 跳过: abpo_C07 (无有效数据)
2025-09-08 08:38:26,158 - INFO - 跳过: abpo_C08 (无有效数据)
2025-09-08 08:38:26,158 - INFO - 跳过: abpo_C09 (无有效数据)
2025-09-08 08:38:26,158 - INFO - 跳过: abpo_C10 (无有效数据)
2025-09-08 08:38:26,158 - INFO - 跳过: abpo_C11 (无有效数据)
2025-09-08 08:38:26,158 - INFO - 跳过: abpo_C12 (无有效数据)
2025-09-08 08:38:26,158 - INFO - 跳过: abpo_C13 (无有效数据)
2025-09-08 08:38:26,158 - INFO - 跳过: abpo_C14 (无有效数据)
2025-09-08 08:38:26,158 - INFO - 跳过: abpo_C16 (无有效数据)
2025-09-08 08:38:26,158 - INFO - 跳过: abpo_C19 (无有效数据)
2025-09-08 08:38:26,158 - INFO - 跳过: abpo_C20 (无有效数据)
2025-09-08 08:38:26,158 - INFO - 跳过: abpo_C21 (无有效数据)
2025-09-08 08:38:26,158 - INFO - 跳过: abpo_C22 (无有效数据)
2025-09-08 08:38:26,158 - INFO - 跳过: abpo_C23 (无有效数据)
2025-09-08 08:38:26,158 - INFO - 跳过: abpo_C24 (无有效数据)
2025-09-08 08:38:26,158 - INFO - 跳过: abpo_C25 (无有效数据)
2025-09-08 08:38:26,158 - INFO - 跳过: abpo_C26 (无有效数据)
2025-09-08 08:38:26,159 - INFO - 跳过: abpo_C27 (无有效数据)
2025-09-08 08:38:26,159 - INFO - 跳过: abpo_C28 (无有效数据)
2025-09-08 08:38:26,159 - INFO - 跳过: abpo_C29 (无有效数据)
2025-09-08 08:38:26,159 - INFO - 跳过: abpo_C30 (无有效数据)
2025-09-08 08:38:26,159 - INFO - 跳过: abpo_C32 (无有效数据)
2025-09-08 08:38:26,159 - INFO - 跳过: abpo_C33 (无有效数据)
2025-09-08 08:38:26,159 - INFO - 跳过: abpo_C34 (无有效数据)
2025-09-08 08:38:26,159 - INFO - 跳过: abpo_C35 (无有效数据)
2025-09-08 08:38:26,159 - INFO - 已保存: ../data/2_raw_datasets\2025\abpo_G01_2025013.csv (780 条记录)
2025-09-08 08:38:26,159 - INFO - 已保存: ../data/2_raw_datasets\2025\abpo_G02_2025013.csv (823 条记录)
2025-09-08 08:38:26,159 - INFO - 已保存: ../data/2_raw_datasets\2025\abpo_G03_2025013.csv (659 条记录)
2025-09-08 08:38:26,159 - INFO - 已保存: ../data/2_raw_datasets\2025\abpo_G04_2025013.csv (1011 条记录)
2025-09-08 08:38:26,159 - INFO - 已保存: ../data/2_raw_datasets\2025\abpo_G05_2025013.csv (961 条记录)
2025-09-08 08:38:26,159 - INFO - 已保存: ../data/2_raw_datasets\2025\abpo_G06_2025013.csv (942 条记录)
2025-09-08 08:38:26,159 - INFO - 已保存: ../data/2_raw_datasets\2025\abpo_G07_2025013.csv (971 条记录)
2025-09-08 08:38:26,159 - INFO - 已保存: ../data/2_raw_datasets\2025\abpo_G08_2025013.csv (983 条记录)
2025-09-08 08:38:26,159 - INFO - 已保存: ../data/2_raw_datasets\2025\abpo_G09_2025013.csv (865 条记录)
2025-09-08 08:38:26,159 - INFO - 已保存: ../data/2_raw_datasets\2025\abpo_G10_2025013.csv (818 条记录)
2025-09-08 08:38:26,159 - INFO - 已保存: ../data/2_raw_datasets\2025\abpo_G11_2025013.csv (801 条记录)
2025-09-08 08:38:26,159 - INFO - 已保存: ../data/2_raw_datasets\2025\abpo_G12_2025013.csv (644 条记录)
2025-09-08 08:38:26,159 - INFO - 已保存: ../data/2_raw_datasets\2025\abpo_G13_2025013.csv (840 条记录)
2025-09-08 08:38:26,159 - INFO - 已保存: ../data/2_raw_datasets\2025\abpo_G14_2025013.csv (662 条记录)
2025-09-08 08:38:26,159 - INFO - 已保存: ../data/2_raw_datasets\2025\abpo_G15_2025013.csv (1003 条记录)
2025-09-08 08:38:26,159 - INFO - 已保存: ../data/2_raw_datasets\2025\abpo_G16_2025013.csv (1008 条记录)
2025-09-08 08:38:26,159 - INFO - 已保存: ../data/2_raw_datasets\2025\abpo_G17_2025013.csv (758 条记录)
2025-09-08 08:38:26,159 - INFO - 已保存: ../data/2_raw_datasets\2025\abpo_G18_2025013.csv (959 条记录)
2025-09-08 08:38:26,159 - INFO - 已保存: ../data/2_raw_datasets\2025\abpo_G19_2025013.csv (739 条记录)
2025-09-08 08:38:26,159 - INFO - 已保存: ../data/2_raw_datasets\2025\abpo_G20_2025013.csv (982 条记录)
2025-09-08 08:38:26,161 - INFO - 已保存: ../data/2_raw_datasets\2025\abpo_G21_2025013.csv (760 条记录)
2025-09-08 08:38:26,161 - INFO - 已保存: ../data/2_raw_datasets\2025\abpo_G22_2025013.csv (841 条记录)
2025-09-08 08:38:26,161 - INFO - 已保存: ../data/2_raw_datasets\2025\abpo_G23_2025013.csv (680 条记录)
2025-09-08 08:38:26,161 - INFO - 已保存: ../data/2_raw_datasets\2025\abpo_G24_2025013.csv (844 条记录)
2025-09-08 08:38:26,161 - INFO - 已保存: ../data/2_raw_datasets\2025\abpo_G25_2025013.csv (728 条记录)
2025-09-08 08:38:26,161 - INFO - 已保存: ../data/2_raw_datasets\2025\abpo_G26_2025013.csv (996 条记录)
2025-09-08 08:38:26,161 - INFO - 已保存: ../data/2_raw_datasets\2025\abpo_G27_2025013.csv (889 条记录)
2025-09-08 08:38:26,161 - INFO - 已保存: ../data/2_raw_datasets\2025\abpo_G28_2025013.csv (954 条记录)
2025-09-08 08:38:26,161 - INFO - 已保存: ../data/2_raw_datasets\2025\abpo_G29_2025013.csv (940 条记录)
2025-09-08 08:38:26,161 - INFO - 已保存: ../data/2_raw_datasets\2025\abpo_G30_2025013.csv (1012 条记录)
2025-09-08 08:38:26,161 - INFO - 已保存: ../data/2_raw_datasets\2025\abpo_G31_2025013.csv (895 条记录)
2025-09-08 08:38:26,161 - INFO - 已保存: ../data/2_raw_datasets\2025\abpo_G32_2025013.csv (739 条记录)
2025-09-08 08:38:26,161 - INFO - ============================================================
2025-09-08 08:38:26,161 - INFO - 所有文件处理完成！
2025-09-08 08:41:26,348 - INFO - 找到 4 个CSV文件待处理
2025-09-08 08:41:26,348 - INFO - ============================================================
2025-09-08 08:41:26,348 - INFO - 处理文件: ..\data\1_cn0_raw\2024\cusv2350.csv
2025-09-08 08:41:26,413 - WARNING - 未找到日期 2024-08-22 对应的SP3文件
2025-09-08 08:41:26,413 - INFO - ============================================================
2025-09-08 08:41:26,413 - INFO - 处理文件: ..\data\1_cn0_raw\2024\cusv2360.csv
2025-09-08 08:41:26,473 - WARNING - 未找到日期 2024-08-23 对应的SP3文件
2025-09-08 08:41:26,473 - INFO - ============================================================
2025-09-08 08:41:26,473 - INFO - 处理文件: ..\data\1_cn0_raw\2025\abpo0120.csv
2025-09-08 08:41:26,533 - INFO - 使用SP3文件: IGS0OPSFIN_20250110000_01D_15M_ORB.SP3, IGS0OPSFIN_20250120000_01D_15M_ORB.SP3, IGS0OPSFIN_20250130000_01D_15M_ORB.SP3
2025-09-08 08:41:26,614 - INFO - 成功解析 32 颗卫星的星历数据
2025-09-08 08:41:26,636 - INFO - 共 61 个测站-卫星组合待处理
2025-09-08 08:41:26,636 - INFO - 使用 11 个进程并行处理
2025-09-08 08:41:37,851 - INFO - 找到 4 个CSV文件待处理
2025-09-08 08:41:37,851 - INFO - ============================================================
2025-09-08 08:41:37,851 - INFO - 处理文件: ..\data\1_cn0_raw\2024\cusv2350.csv
2025-09-08 08:41:37,920 - WARNING - 未找到日期 2024-08-22 对应的SP3文件
2025-09-08 08:41:37,920 - INFO - ============================================================
2025-09-08 08:41:37,920 - INFO - 处理文件: ..\data\1_cn0_raw\2024\cusv2360.csv
2025-09-08 08:41:37,988 - WARNING - 未找到日期 2024-08-23 对应的SP3文件
2025-09-08 08:41:37,988 - INFO - ============================================================
2025-09-08 08:41:37,988 - INFO - 处理文件: ..\data\1_cn0_raw\2025\abpo0120.csv
2025-09-08 08:41:38,050 - INFO - 使用SP3文件: IGS0OPSFIN_20250110000_01D_15M_ORB.SP3, IGS0OPSFIN_20250120000_01D_15M_ORB.SP3, IGS0OPSFIN_20250130000_01D_15M_ORB.SP3
2025-09-08 08:41:38,134 - INFO - 成功解析 32 颗卫星的星历数据
2025-09-08 08:41:38,157 - INFO - 共 61 个测站-卫星组合待处理
2025-09-08 08:41:38,157 - INFO - 使用 11 个进程并行处理
2025-09-08 08:41:43,269 - INFO - 跳过: abpo_C02 (无有效数据)
2025-09-08 08:41:43,269 - INFO - 跳过: abpo_C03 (无有效数据)
2025-09-08 08:41:43,269 - INFO - 跳过: abpo_C05 (无有效数据)
2025-09-08 08:41:43,269 - INFO - 跳过: abpo_C06 (无有效数据)
2025-09-08 08:41:43,269 - INFO - 跳过: abpo_C07 (无有效数据)
2025-09-08 08:41:43,269 - INFO - 跳过: abpo_C08 (无有效数据)
2025-09-08 08:41:43,269 - INFO - 跳过: abpo_C09 (无有效数据)
2025-09-08 08:41:43,269 - INFO - 跳过: abpo_C10 (无有效数据)
2025-09-08 08:41:43,269 - INFO - 跳过: abpo_C11 (无有效数据)
2025-09-08 08:41:43,269 - INFO - 跳过: abpo_C12 (无有效数据)
2025-09-08 08:41:43,269 - INFO - 跳过: abpo_C13 (无有效数据)
2025-09-08 08:41:43,269 - INFO - 跳过: abpo_C14 (无有效数据)
2025-09-08 08:41:43,269 - INFO - 跳过: abpo_C16 (无有效数据)
2025-09-08 08:41:43,269 - INFO - 跳过: abpo_C19 (无有效数据)
2025-09-08 08:41:43,269 - INFO - 跳过: abpo_C20 (无有效数据)
2025-09-08 08:41:43,269 - INFO - 跳过: abpo_C21 (无有效数据)
2025-09-08 08:41:43,269 - INFO - 跳过: abpo_C22 (无有效数据)
2025-09-08 08:41:43,269 - INFO - 跳过: abpo_C23 (无有效数据)
2025-09-08 08:41:43,269 - INFO - 跳过: abpo_C24 (无有效数据)
2025-09-08 08:41:43,269 - INFO - 跳过: abpo_C25 (无有效数据)
2025-09-08 08:41:43,269 - INFO - 跳过: abpo_C26 (无有效数据)
2025-09-08 08:41:43,269 - INFO - 跳过: abpo_C27 (无有效数据)
2025-09-08 08:41:43,269 - INFO - 跳过: abpo_C28 (无有效数据)
2025-09-08 08:41:43,270 - INFO - 跳过: abpo_C29 (无有效数据)
2025-09-08 08:41:43,270 - INFO - 跳过: abpo_C30 (无有效数据)
2025-09-08 08:41:43,270 - INFO - 跳过: abpo_C32 (无有效数据)
2025-09-08 08:41:43,270 - INFO - 跳过: abpo_C33 (无有效数据)
2025-09-08 08:41:43,270 - INFO - 跳过: abpo_C34 (无有效数据)
2025-09-08 08:41:43,270 - INFO - 跳过: abpo_C35 (无有效数据)
2025-09-08 08:41:43,270 - INFO - 已保存: ../data/2_raw_datasets\2025\abpo_G01_2025012.csv (780 条记录)
2025-09-08 08:41:43,270 - INFO - 已保存: ../data/2_raw_datasets\2025\abpo_G02_2025012.csv (823 条记录)
2025-09-08 08:41:43,270 - INFO - 已保存: ../data/2_raw_datasets\2025\abpo_G03_2025012.csv (659 条记录)
2025-09-08 08:41:43,270 - INFO - 已保存: ../data/2_raw_datasets\2025\abpo_G04_2025012.csv (1011 条记录)
2025-09-08 08:41:43,270 - INFO - 已保存: ../data/2_raw_datasets\2025\abpo_G05_2025012.csv (962 条记录)
2025-09-08 08:41:43,270 - INFO - 已保存: ../data/2_raw_datasets\2025\abpo_G06_2025012.csv (951 条记录)
2025-09-08 08:41:43,270 - INFO - 已保存: ../data/2_raw_datasets\2025\abpo_G07_2025012.csv (969 条记录)
2025-09-08 08:41:43,270 - INFO - 已保存: ../data/2_raw_datasets\2025\abpo_G08_2025012.csv (985 条记录)
2025-09-08 08:41:43,270 - INFO - 已保存: ../data/2_raw_datasets\2025\abpo_G09_2025012.csv (885 条记录)
2025-09-08 08:41:43,270 - INFO - 已保存: ../data/2_raw_datasets\2025\abpo_G10_2025012.csv (820 条记录)
2025-09-08 08:41:43,270 - INFO - 已保存: ../data/2_raw_datasets\2025\abpo_G11_2025012.csv (799 条记录)
2025-09-08 08:41:43,270 - INFO - 已保存: ../data/2_raw_datasets\2025\abpo_G12_2025012.csv (644 条记录)
2025-09-08 08:41:43,270 - INFO - 已保存: ../data/2_raw_datasets\2025\abpo_G13_2025012.csv (841 条记录)
2025-09-08 08:41:43,270 - INFO - 已保存: ../data/2_raw_datasets\2025\abpo_G14_2025012.csv (662 条记录)
2025-09-08 08:41:43,270 - INFO - 已保存: ../data/2_raw_datasets\2025\abpo_G15_2025012.csv (1003 条记录)
2025-09-08 08:41:43,270 - INFO - 已保存: ../data/2_raw_datasets\2025\abpo_G16_2025012.csv (1008 条记录)
2025-09-08 08:41:43,270 - INFO - 已保存: ../data/2_raw_datasets\2025\abpo_G17_2025012.csv (757 条记录)
2025-09-08 08:41:43,270 - INFO - 已保存: ../data/2_raw_datasets\2025\abpo_G18_2025012.csv (940 条记录)
2025-09-08 08:41:43,270 - INFO - 已保存: ../data/2_raw_datasets\2025\abpo_G19_2025012.csv (739 条记录)
2025-09-08 08:41:43,270 - INFO - 已保存: ../data/2_raw_datasets\2025\abpo_G20_2025012.csv (982 条记录)
2025-09-08 08:41:43,270 - INFO - 已保存: ../data/2_raw_datasets\2025\abpo_G21_2025012.csv (773 条记录)
2025-09-08 08:41:43,270 - INFO - 已保存: ../data/2_raw_datasets\2025\abpo_G22_2025012.csv (846 条记录)
2025-09-08 08:41:43,270 - INFO - 已保存: ../data/2_raw_datasets\2025\abpo_G23_2025012.csv (683 条记录)
2025-09-08 08:41:43,270 - INFO - 已保存: ../data/2_raw_datasets\2025\abpo_G24_2025012.csv (844 条记录)
2025-09-08 08:41:43,270 - INFO - 已保存: ../data/2_raw_datasets\2025\abpo_G25_2025012.csv (733 条记录)
2025-09-08 08:41:43,270 - INFO - 已保存: ../data/2_raw_datasets\2025\abpo_G26_2025012.csv (996 条记录)
2025-09-08 08:41:43,270 - INFO - 已保存: ../data/2_raw_datasets\2025\abpo_G27_2025012.csv (889 条记录)
2025-09-08 08:41:43,270 - INFO - 已保存: ../data/2_raw_datasets\2025\abpo_G28_2025012.csv (944 条记录)
2025-09-08 08:41:43,270 - INFO - 已保存: ../data/2_raw_datasets\2025\abpo_G29_2025012.csv (936 条记录)
2025-09-08 08:41:43,270 - INFO - 已保存: ../data/2_raw_datasets\2025\abpo_G30_2025012.csv (1020 条记录)
2025-09-08 08:41:43,270 - INFO - 已保存: ../data/2_raw_datasets\2025\abpo_G31_2025012.csv (897 条记录)
2025-09-08 08:41:43,271 - INFO - 已保存: ../data/2_raw_datasets\2025\abpo_G32_2025012.csv (738 条记录)
2025-09-08 08:41:43,271 - INFO - ============================================================
2025-09-08 08:41:43,271 - INFO - 处理文件: ..\data\1_cn0_raw\2025\abpo0130.csv
2025-09-08 08:41:43,324 - INFO - 使用SP3文件: IGS0OPSFIN_20250120000_01D_15M_ORB.SP3, IGS0OPSFIN_20250130000_01D_15M_ORB.SP3, IGS0OPSFIN_20250140000_01D_15M_ORB.SP3
2025-09-08 08:41:43,412 - INFO - 成功解析 32 颗卫星的星历数据
2025-09-08 08:41:43,436 - INFO - 共 61 个测站-卫星组合待处理
2025-09-08 08:41:43,438 - INFO - 使用 11 个进程并行处理
2025-09-08 08:41:48,566 - INFO - 跳过: abpo_C02 (无有效数据)
2025-09-08 08:41:48,566 - INFO - 跳过: abpo_C03 (无有效数据)
2025-09-08 08:41:48,566 - INFO - 跳过: abpo_C05 (无有效数据)
2025-09-08 08:41:48,566 - INFO - 跳过: abpo_C06 (无有效数据)
2025-09-08 08:41:48,566 - INFO - 跳过: abpo_C07 (无有效数据)
2025-09-08 08:41:48,566 - INFO - 跳过: abpo_C08 (无有效数据)
2025-09-08 08:41:48,566 - INFO - 跳过: abpo_C09 (无有效数据)
2025-09-08 08:41:48,566 - INFO - 跳过: abpo_C10 (无有效数据)
2025-09-08 08:41:48,566 - INFO - 跳过: abpo_C11 (无有效数据)
2025-09-08 08:41:48,566 - INFO - 跳过: abpo_C12 (无有效数据)
2025-09-08 08:41:48,566 - INFO - 跳过: abpo_C13 (无有效数据)
2025-09-08 08:41:48,566 - INFO - 跳过: abpo_C14 (无有效数据)
2025-09-08 08:41:48,566 - INFO - 跳过: abpo_C16 (无有效数据)
2025-09-08 08:41:48,566 - INFO - 跳过: abpo_C19 (无有效数据)
2025-09-08 08:41:48,566 - INFO - 跳过: abpo_C20 (无有效数据)
2025-09-08 08:41:48,566 - INFO - 跳过: abpo_C21 (无有效数据)
2025-09-08 08:41:48,566 - INFO - 跳过: abpo_C22 (无有效数据)
2025-09-08 08:41:48,566 - INFO - 跳过: abpo_C23 (无有效数据)
2025-09-08 08:41:48,566 - INFO - 跳过: abpo_C24 (无有效数据)
2025-09-08 08:41:48,566 - INFO - 跳过: abpo_C25 (无有效数据)
2025-09-08 08:41:48,566 - INFO - 跳过: abpo_C26 (无有效数据)
2025-09-08 08:41:48,566 - INFO - 跳过: abpo_C27 (无有效数据)
2025-09-08 08:41:48,567 - INFO - 跳过: abpo_C28 (无有效数据)
2025-09-08 08:41:48,567 - INFO - 跳过: abpo_C29 (无有效数据)
2025-09-08 08:41:48,567 - INFO - 跳过: abpo_C30 (无有效数据)
2025-09-08 08:41:48,567 - INFO - 跳过: abpo_C32 (无有效数据)
2025-09-08 08:41:48,567 - INFO - 跳过: abpo_C33 (无有效数据)
2025-09-08 08:41:48,567 - INFO - 跳过: abpo_C34 (无有效数据)
2025-09-08 08:41:48,567 - INFO - 跳过: abpo_C35 (无有效数据)
2025-09-08 08:41:48,567 - INFO - 已保存: ../data/2_raw_datasets\2025\abpo_G01_2025013.csv (780 条记录)
2025-09-08 08:41:48,567 - INFO - 已保存: ../data/2_raw_datasets\2025\abpo_G02_2025013.csv (823 条记录)
2025-09-08 08:41:48,567 - INFO - 已保存: ../data/2_raw_datasets\2025\abpo_G03_2025013.csv (659 条记录)
2025-09-08 08:41:48,567 - INFO - 已保存: ../data/2_raw_datasets\2025\abpo_G04_2025013.csv (1011 条记录)
2025-09-08 08:41:48,567 - INFO - 已保存: ../data/2_raw_datasets\2025\abpo_G05_2025013.csv (961 条记录)
2025-09-08 08:41:48,567 - INFO - 已保存: ../data/2_raw_datasets\2025\abpo_G06_2025013.csv (942 条记录)
2025-09-08 08:41:48,567 - INFO - 已保存: ../data/2_raw_datasets\2025\abpo_G07_2025013.csv (971 条记录)
2025-09-08 08:41:48,567 - INFO - 已保存: ../data/2_raw_datasets\2025\abpo_G08_2025013.csv (983 条记录)
2025-09-08 08:41:48,567 - INFO - 已保存: ../data/2_raw_datasets\2025\abpo_G09_2025013.csv (865 条记录)
2025-09-08 08:41:48,567 - INFO - 已保存: ../data/2_raw_datasets\2025\abpo_G10_2025013.csv (818 条记录)
2025-09-08 08:41:48,567 - INFO - 已保存: ../data/2_raw_datasets\2025\abpo_G11_2025013.csv (801 条记录)
2025-09-08 08:41:48,567 - INFO - 已保存: ../data/2_raw_datasets\2025\abpo_G12_2025013.csv (644 条记录)
2025-09-08 08:41:48,567 - INFO - 已保存: ../data/2_raw_datasets\2025\abpo_G13_2025013.csv (840 条记录)
2025-09-08 08:41:48,567 - INFO - 已保存: ../data/2_raw_datasets\2025\abpo_G14_2025013.csv (662 条记录)
2025-09-08 08:41:48,567 - INFO - 已保存: ../data/2_raw_datasets\2025\abpo_G15_2025013.csv (1003 条记录)
2025-09-08 08:41:48,567 - INFO - 已保存: ../data/2_raw_datasets\2025\abpo_G16_2025013.csv (1008 条记录)
2025-09-08 08:41:48,567 - INFO - 已保存: ../data/2_raw_datasets\2025\abpo_G17_2025013.csv (758 条记录)
2025-09-08 08:41:48,567 - INFO - 已保存: ../data/2_raw_datasets\2025\abpo_G18_2025013.csv (959 条记录)
2025-09-08 08:41:48,567 - INFO - 已保存: ../data/2_raw_datasets\2025\abpo_G19_2025013.csv (739 条记录)
2025-09-08 08:41:48,567 - INFO - 已保存: ../data/2_raw_datasets\2025\abpo_G20_2025013.csv (982 条记录)
2025-09-08 08:41:48,569 - INFO - 已保存: ../data/2_raw_datasets\2025\abpo_G21_2025013.csv (760 条记录)
2025-09-08 08:41:48,569 - INFO - 已保存: ../data/2_raw_datasets\2025\abpo_G22_2025013.csv (841 条记录)
2025-09-08 08:41:48,569 - INFO - 已保存: ../data/2_raw_datasets\2025\abpo_G23_2025013.csv (680 条记录)
2025-09-08 08:41:48,569 - INFO - 已保存: ../data/2_raw_datasets\2025\abpo_G24_2025013.csv (844 条记录)
2025-09-08 08:41:48,569 - INFO - 已保存: ../data/2_raw_datasets\2025\abpo_G25_2025013.csv (728 条记录)
2025-09-08 08:41:48,569 - INFO - 已保存: ../data/2_raw_datasets\2025\abpo_G26_2025013.csv (996 条记录)
2025-09-08 08:41:48,569 - INFO - 已保存: ../data/2_raw_datasets\2025\abpo_G27_2025013.csv (889 条记录)
2025-09-08 08:41:48,569 - INFO - 已保存: ../data/2_raw_datasets\2025\abpo_G28_2025013.csv (954 条记录)
2025-09-08 08:41:48,569 - INFO - 已保存: ../data/2_raw_datasets\2025\abpo_G29_2025013.csv (940 条记录)
2025-09-08 08:41:48,569 - INFO - 已保存: ../data/2_raw_datasets\2025\abpo_G30_2025013.csv (1012 条记录)
2025-09-08 08:41:48,569 - INFO - 已保存: ../data/2_raw_datasets\2025\abpo_G31_2025013.csv (895 条记录)
2025-09-08 08:41:48,569 - INFO - 已保存: ../data/2_raw_datasets\2025\abpo_G32_2025013.csv (739 条记录)
2025-09-08 08:41:48,569 - INFO - ============================================================
2025-09-08 08:41:48,569 - INFO - 所有文件处理完成！
